Warning message: 
check_atom_types: can't deduce type of atom   59 in /Users/williammccorkindale/ml_physics/smi2wyck/notebooks/docking/cavity_C_6LU7.mol2

Warning message: 
read_cavity_from_ligand: Ligand atom 58 from cavity ligand file '/Users/williammccorkindale/ml_physics/smi2wyck/notebooks/docking/cavity_C_6LU7.mol2' clashes with protein atom 4680


********************************************************************************
Ligand in file /Users/williammccorkindale/ml_physics/smi2wyck/notebooks/docking/mpro_fragments/prepared_Mpro-x0354.mol2,
starting at address 0 raised the following warnings and/or errors
Warning message: 
check_aromatic_bonds_and_atoms:
 atom   12 in /Users/williammccorkindale/ml_physics/smi2wyck/notebooks/docking/mpro_fragments/prepared_Mpro-x0354.mol2 is type   C.2 but should be  C.ar

Warning message: 
check_aromatic_bonds_and_atoms:
 bond   12 in /Users/williammccorkindale/ml_physics/smi2wyck/notebooks/docking/mpro_fragments/prepared_Mpro-x0354.mol2 is type   2 but should be  ar

Warning message: 
check_aromatic_bonds_and_atoms:
 atom   13 in /Users/williammccorkindale/ml_physics/smi2wyck/notebooks/docking/mpro_fragments/prepared_Mpro-x0354.mol2 is type   C.2 but should be  C.ar

Warning message: 
check_aromatic_bonds_and_atoms:
 bond   13 in /Users/williammccorkindale/ml_physics/smi2wyck/notebooks/docking/mpro_fragments/prepared_Mpro-x0354.mol2 is type   1 but should be  ar

Warning message: 
check_aromatic_bonds_and_atoms:
 atom   14 in /Users/williammccorkindale/ml_physics/smi2wyck/notebooks/docking/mpro_fragments/prepared_Mpro-x0354.mol2 is type   C.2 but should be  C.ar

Warning message: 
check_aromatic_bonds_and_atoms:
 bond   14 in /Users/williammccorkindale/ml_physics/smi2wyck/notebooks/docking/mpro_fragments/prepared_Mpro-x0354.mol2 is type   2 but should be  ar

Warning message: 
check_aromatic_bonds_and_atoms:
 atom   15 in /Users/williammccorkindale/ml_physics/smi2wyck/notebooks/docking/mpro_fragments/prepared_Mpro-x0354.mol2 is type   C.2 but should be  C.ar

Warning message: 
check_aromatic_bonds_and_atoms:
 bond   16 in /Users/williammccorkindale/ml_physics/smi2wyck/notebooks/docking/mpro_fragments/prepared_Mpro-x0354.mol2 is type   1 but should be  ar

Warning message: 
check_aromatic_bonds_and_atoms:
 atom   17 in /Users/williammccorkindale/ml_physics/smi2wyck/notebooks/docking/mpro_fragments/prepared_Mpro-x0354.mol2 is type   C.2 but should be  C.ar

Warning message: 
check_aromatic_bonds_and_atoms:
 bond   17 in /Users/williammccorkindale/ml_physics/smi2wyck/notebooks/docking/mpro_fragments/prepared_Mpro-x0354.mol2 is type   2 but should be  ar

Warning message: 
check_aromatic_bonds_and_atoms:
 atom   18 in /Users/williammccorkindale/ml_physics/smi2wyck/notebooks/docking/mpro_fragments/prepared_Mpro-x0354.mol2 is type   C.2 but should be  C.ar

Warning message: 
check_aromatic_bonds_and_atoms:
 bond   19 in /Users/williammccorkindale/ml_physics/smi2wyck/notebooks/docking/mpro_fragments/prepared_Mpro-x0354.mol2 is type   1 but should be  ar



********************************************************************************
Ligand in file /Users/williammccorkindale/ml_physics/smi2wyck/notebooks/docking/mpro_fragments/prepared_Mpro-x0426.mol2,
starting at address 0 raised the following warnings and/or errors
Warning message: 
check_aromatic_bonds_and_atoms:
 atom    2 in /Users/williammccorkindale/ml_physics/smi2wyck/notebooks/docking/mpro_fragments/prepared_Mpro-x0426.mol2 is type   C.2 but should be  C.ar

Warning message: 
check_aromatic_bonds_and_atoms:
 bond    2 in /Users/williammccorkindale/ml_physics/smi2wyck/notebooks/docking/mpro_fragments/prepared_Mpro-x0426.mol2 is type   2 but should be  ar

Warning message: 
check_aromatic_bonds_and_atoms:
 atom    3 in /Users/williammccorkindale/ml_physics/smi2wyck/notebooks/docking/mpro_fragments/prepared_Mpro-x0426.mol2 is type   C.2 but should be  C.ar

Warning message: 
check_aromatic_bonds_and_atoms:
 bond    3 in /Users/williammccorkindale/ml_physics/smi2wyck/notebooks/docking/mpro_fragments/prepared_Mpro-x0426.mol2 is type   1 but should be  ar

Warning message: 
check_aromatic_bonds_and_atoms:
 atom    4 in /Users/williammccorkindale/ml_physics/smi2wyck/notebooks/docking/mpro_fragments/prepared_Mpro-x0426.mol2 is type   C.2 but should be  C.ar

Warning message: 
check_aromatic_bonds_and_atoms:
 bond    4 in /Users/williammccorkindale/ml_physics/smi2wyck/notebooks/docking/mpro_fragments/prepared_Mpro-x0426.mol2 is type   2 but should be  ar

Warning message: 
check_aromatic_bonds_and_atoms:
 atom    5 in /Users/williammccorkindale/ml_physics/smi2wyck/notebooks/docking/mpro_fragments/prepared_Mpro-x0426.mol2 is type   C.2 but should be  C.ar

Warning message: 
check_aromatic_bonds_and_atoms:
 bond    5 in /Users/williammccorkindale/ml_physics/smi2wyck/notebooks/docking/mpro_fragments/prepared_Mpro-x0426.mol2 is type   1 but should be  ar

Warning message: 
check_aromatic_bonds_and_atoms:
 atom    6 in /Users/williammccorkindale/ml_physics/smi2wyck/notebooks/docking/mpro_fragments/prepared_Mpro-x0426.mol2 is type   C.2 but should be  C.ar

Warning message: 
check_aromatic_bonds_and_atoms:
 bond    6 in /Users/williammccorkindale/ml_physics/smi2wyck/notebooks/docking/mpro_fragments/prepared_Mpro-x0426.mol2 is type   2 but should be  ar

Warning message: 
check_aromatic_bonds_and_atoms:
 atom    7 in /Users/williammccorkindale/ml_physics/smi2wyck/notebooks/docking/mpro_fragments/prepared_Mpro-x0426.mol2 is type   C.2 but should be  C.ar

Warning message: 
check_aromatic_bonds_and_atoms:
 bond   18 in /Users/williammccorkindale/ml_physics/smi2wyck/notebooks/docking/mpro_fragments/prepared_Mpro-x0426.mol2 is type   1 but should be  ar

Warning message: 
check_aromatic_bonds_and_atoms:
 atom   13 in /Users/williammccorkindale/ml_physics/smi2wyck/notebooks/docking/mpro_fragments/prepared_Mpro-x0426.mol2 is type   C.2 but should be  C.ar

Warning message: 
check_aromatic_bonds_and_atoms:
 bond   13 in /Users/williammccorkindale/ml_physics/smi2wyck/notebooks/docking/mpro_fragments/prepared_Mpro-x0426.mol2 is type   2 but should be  ar

Warning message: 
check_aromatic_bonds_and_atoms:
 atom   14 in /Users/williammccorkindale/ml_physics/smi2wyck/notebooks/docking/mpro_fragments/prepared_Mpro-x0426.mol2 is type   C.2 but should be  C.ar

Warning message: 
check_aromatic_bonds_and_atoms:
 bond   14 in /Users/williammccorkindale/ml_physics/smi2wyck/notebooks/docking/mpro_fragments/prepared_Mpro-x0426.mol2 is type   1 but should be  ar

Warning message: 
check_aromatic_bonds_and_atoms:
 atom   15 in /Users/williammccorkindale/ml_physics/smi2wyck/notebooks/docking/mpro_fragments/prepared_Mpro-x0426.mol2 is type   C.2 but should be  C.ar

Warning message: 
check_aromatic_bonds_and_atoms:
 bond   15 in /Users/williammccorkindale/ml_physics/smi2wyck/notebooks/docking/mpro_fragments/prepared_Mpro-x0426.mol2 is type   2 but should be  ar

Warning message: 
check_aromatic_bonds_and_atoms:
 atom   16 in /Users/williammccorkindale/ml_physics/smi2wyck/notebooks/docking/mpro_fragments/prepared_Mpro-x0426.mol2 is type   N.2 but should be  N.ar

Warning message: 
check_aromatic_bonds_and_atoms:
 bond   16 in /Users/williammccorkindale/ml_physics/smi2wyck/notebooks/docking/mpro_fragments/prepared_Mpro-x0426.mol2 is type   1 but should be  ar

Warning message: 
check_aromatic_bonds_and_atoms:
 atom   17 in /Users/williammccorkindale/ml_physics/smi2wyck/notebooks/docking/mpro_fragments/prepared_Mpro-x0426.mol2 is type   C.2 but should be  C.ar

Warning message: 
check_aromatic_bonds_and_atoms:
 bond   17 in /Users/williammccorkindale/ml_physics/smi2wyck/notebooks/docking/mpro_fragments/prepared_Mpro-x0426.mol2 is type   2 but should be  ar

Warning message: 
check_aromatic_bonds_and_atoms:
 atom   18 in /Users/williammccorkindale/ml_physics/smi2wyck/notebooks/docking/mpro_fragments/prepared_Mpro-x0426.mol2 is type   C.2 but should be  C.ar

Warning message: 
check_aromatic_bonds_and_atoms:
 bond   19 in /Users/williammccorkindale/ml_physics/smi2wyck/notebooks/docking/mpro_fragments/prepared_Mpro-x0426.mol2 is type   1 but should be  ar



********************************************************************************
Ligand in file /Users/williammccorkindale/ml_physics/smi2wyck/notebooks/docking/mpro_fragments/prepared_Mpro-x0104.mol2,
starting at address 0 raised the following warnings and/or errors
Warning message: 
check_aromatic_bonds_and_atoms:
 atom   11 in /Users/williammccorkindale/ml_physics/smi2wyck/notebooks/docking/mpro_fragments/prepared_Mpro-x0104.mol2 is type   C.2 but should be  C.ar

Warning message: 
check_aromatic_bonds_and_atoms:
 bond   10 in /Users/williammccorkindale/ml_physics/smi2wyck/notebooks/docking/mpro_fragments/prepared_Mpro-x0104.mol2 is type   2 but should be  ar

Warning message: 
check_aromatic_bonds_and_atoms:
 atom   10 in /Users/williammccorkindale/ml_physics/smi2wyck/notebooks/docking/mpro_fragments/prepared_Mpro-x0104.mol2 is type   C.2 but should be  C.ar

Warning message: 
check_aromatic_bonds_and_atoms:
 bond   17 in /Users/williammccorkindale/ml_physics/smi2wyck/notebooks/docking/mpro_fragments/prepared_Mpro-x0104.mol2 is type   1 but should be  ar

Warning message: 
check_aromatic_bonds_and_atoms:
 atom   16 in /Users/williammccorkindale/ml_physics/smi2wyck/notebooks/docking/mpro_fragments/prepared_Mpro-x0104.mol2 is type   C.2 but should be  C.ar

Warning message: 
check_aromatic_bonds_and_atoms:
 bond   15 in /Users/williammccorkindale/ml_physics/smi2wyck/notebooks/docking/mpro_fragments/prepared_Mpro-x0104.mol2 is type   2 but should be  ar

Warning message: 
check_aromatic_bonds_and_atoms:
 atom   15 in /Users/williammccorkindale/ml_physics/smi2wyck/notebooks/docking/mpro_fragments/prepared_Mpro-x0104.mol2 is type   C.2 but should be  C.ar

Warning message: 
check_aromatic_bonds_and_atoms:
 bond   14 in /Users/williammccorkindale/ml_physics/smi2wyck/notebooks/docking/mpro_fragments/prepared_Mpro-x0104.mol2 is type   1 but should be  ar

Warning message: 
check_aromatic_bonds_and_atoms:
 atom   13 in /Users/williammccorkindale/ml_physics/smi2wyck/notebooks/docking/mpro_fragments/prepared_Mpro-x0104.mol2 is type   C.2 but should be  C.ar

Warning message: 
check_aromatic_bonds_and_atoms:
 bond   12 in /Users/williammccorkindale/ml_physics/smi2wyck/notebooks/docking/mpro_fragments/prepared_Mpro-x0104.mol2 is type   2 but should be  ar

Warning message: 
check_aromatic_bonds_and_atoms:
 atom   12 in /Users/williammccorkindale/ml_physics/smi2wyck/notebooks/docking/mpro_fragments/prepared_Mpro-x0104.mol2 is type   C.2 but should be  C.ar

Warning message: 
check_aromatic_bonds_and_atoms:
 bond   11 in /Users/williammccorkindale/ml_physics/smi2wyck/notebooks/docking/mpro_fragments/prepared_Mpro-x0104.mol2 is type   1 but should be  ar



********************************************************************************
Ligand in file /Users/williammccorkindale/ml_physics/smi2wyck/notebooks/docking/mpro_fragments/prepared_Mpro-x0195.mol2,
starting at address 0 raised the following warnings and/or errors
Warning message: 
set_atom_type: atom   15 in /Users/williammccorkindale/ml_physics/smi2wyck/notebooks/docking/mpro_fragments/prepared_Mpro-x0195.mol2 is type N.pl3 ; resetting to type   N.3

Warning message: 
check_aromatic_bonds_and_atoms:
 atom    7 in /Users/williammccorkindale/ml_physics/smi2wyck/notebooks/docking/mpro_fragments/prepared_Mpro-x0195.mol2 is type   C.2 but should be  C.ar

Warning message: 
check_aromatic_bonds_and_atoms:
 bond    6 in /Users/williammccorkindale/ml_physics/smi2wyck/notebooks/docking/mpro_fragments/prepared_Mpro-x0195.mol2 is type   2 but should be  ar

Warning message: 
check_aromatic_bonds_and_atoms:
 atom    6 in /Users/williammccorkindale/ml_physics/smi2wyck/notebooks/docking/mpro_fragments/prepared_Mpro-x0195.mol2 is type   C.2 but should be  C.ar

Warning message: 
check_aromatic_bonds_and_atoms:
 bond   16 in /Users/williammccorkindale/ml_physics/smi2wyck/notebooks/docking/mpro_fragments/prepared_Mpro-x0195.mol2 is type   1 but should be  ar

Warning message: 
check_aromatic_bonds_and_atoms:
 atom   11 in /Users/williammccorkindale/ml_physics/smi2wyck/notebooks/docking/mpro_fragments/prepared_Mpro-x0195.mol2 is type   C.2 but should be  C.ar

Warning message: 
check_aromatic_bonds_and_atoms:
 bond   10 in /Users/williammccorkindale/ml_physics/smi2wyck/notebooks/docking/mpro_fragments/prepared_Mpro-x0195.mol2 is type   2 but should be  ar

Warning message: 
check_aromatic_bonds_and_atoms:
 atom   10 in /Users/williammccorkindale/ml_physics/smi2wyck/notebooks/docking/mpro_fragments/prepared_Mpro-x0195.mol2 is type   C.2 but should be  C.ar

Warning message: 
check_aromatic_bonds_and_atoms:
 bond    9 in /Users/williammccorkindale/ml_physics/smi2wyck/notebooks/docking/mpro_fragments/prepared_Mpro-x0195.mol2 is type   1 but should be  ar

Warning message: 
check_aromatic_bonds_and_atoms:
 atom    9 in /Users/williammccorkindale/ml_physics/smi2wyck/notebooks/docking/mpro_fragments/prepared_Mpro-x0195.mol2 is type   C.2 but should be  C.ar

Warning message: 
check_aromatic_bonds_and_atoms:
 bond    8 in /Users/williammccorkindale/ml_physics/smi2wyck/notebooks/docking/mpro_fragments/prepared_Mpro-x0195.mol2 is type   2 but should be  ar

Warning message: 
check_aromatic_bonds_and_atoms:
 atom    8 in /Users/williammccorkindale/ml_physics/smi2wyck/notebooks/docking/mpro_fragments/prepared_Mpro-x0195.mol2 is type   C.2 but should be  C.ar

Warning message: 
check_aromatic_bonds_and_atoms:
 bond    7 in /Users/williammccorkindale/ml_physics/smi2wyck/notebooks/docking/mpro_fragments/prepared_Mpro-x0195.mol2 is type   1 but should be  ar



********************************************************************************
Ligand in file /Users/williammccorkindale/ml_physics/smi2wyck/notebooks/docking/mpro_fragments/prepared_Mpro-x0072.mol2,
starting at address 0 raised the following warnings and/or errors
Warning message: 
set_atom_type: atom    5 in /Users/williammccorkindale/ml_physics/smi2wyck/notebooks/docking/mpro_fragments/prepared_Mpro-x0072.mol2 is type N.pl3 ; resetting to type   N.3

Warning message: 
check_aromatic_bonds_and_atoms:
 atom    8 in /Users/williammccorkindale/ml_physics/smi2wyck/notebooks/docking/mpro_fragments/prepared_Mpro-x0072.mol2 is type   C.2 but should be  C.ar

Warning message: 
check_aromatic_bonds_and_atoms:
 bond    8 in /Users/williammccorkindale/ml_physics/smi2wyck/notebooks/docking/mpro_fragments/prepared_Mpro-x0072.mol2 is type   2 but should be  ar

Warning message: 
check_aromatic_bonds_and_atoms:
 atom    9 in /Users/williammccorkindale/ml_physics/smi2wyck/notebooks/docking/mpro_fragments/prepared_Mpro-x0072.mol2 is type   C.2 but should be  C.ar

Warning message: 
check_aromatic_bonds_and_atoms:
 bond    9 in /Users/williammccorkindale/ml_physics/smi2wyck/notebooks/docking/mpro_fragments/prepared_Mpro-x0072.mol2 is type   1 but should be  ar

Warning message: 
check_aromatic_bonds_and_atoms:
 atom   10 in /Users/williammccorkindale/ml_physics/smi2wyck/notebooks/docking/mpro_fragments/prepared_Mpro-x0072.mol2 is type   C.2 but should be  C.ar

Warning message: 
check_aromatic_bonds_and_atoms:
 bond   10 in /Users/williammccorkindale/ml_physics/smi2wyck/notebooks/docking/mpro_fragments/prepared_Mpro-x0072.mol2 is type   2 but should be  ar

Warning message: 
check_aromatic_bonds_and_atoms:
 atom   11 in /Users/williammccorkindale/ml_physics/smi2wyck/notebooks/docking/mpro_fragments/prepared_Mpro-x0072.mol2 is type   C.2 but should be  C.ar

Warning message: 
check_aromatic_bonds_and_atoms:
 bond   11 in /Users/williammccorkindale/ml_physics/smi2wyck/notebooks/docking/mpro_fragments/prepared_Mpro-x0072.mol2 is type   1 but should be  ar

Warning message: 
check_aromatic_bonds_and_atoms:
 atom   12 in /Users/williammccorkindale/ml_physics/smi2wyck/notebooks/docking/mpro_fragments/prepared_Mpro-x0072.mol2 is type   C.2 but should be  C.ar

Warning message: 
check_aromatic_bonds_and_atoms:
 bond   12 in /Users/williammccorkindale/ml_physics/smi2wyck/notebooks/docking/mpro_fragments/prepared_Mpro-x0072.mol2 is type   2 but should be  ar

Warning message: 
check_aromatic_bonds_and_atoms:
 atom   13 in /Users/williammccorkindale/ml_physics/smi2wyck/notebooks/docking/mpro_fragments/prepared_Mpro-x0072.mol2 is type   C.2 but should be  C.ar

Warning message: 
check_aromatic_bonds_and_atoms:
 bond   13 in /Users/williammccorkindale/ml_physics/smi2wyck/notebooks/docking/mpro_fragments/prepared_Mpro-x0072.mol2 is type   1 but should be  ar



********************************************************************************
Ligand in file /Users/williammccorkindale/ml_physics/smi2wyck/notebooks/docking/mpro_fragments/prepared_Mpro-x0305.mol2,
starting at address 0 raised the following warnings and/or errors
Warning message: 
check_aromatic_bonds_and_atoms:
 atom    4 in /Users/williammccorkindale/ml_physics/smi2wyck/notebooks/docking/mpro_fragments/prepared_Mpro-x0305.mol2 is type   C.2 but should be  C.ar

Warning message: 
check_aromatic_bonds_and_atoms:
 bond    4 in /Users/williammccorkindale/ml_physics/smi2wyck/notebooks/docking/mpro_fragments/prepared_Mpro-x0305.mol2 is type   2 but should be  ar

Warning message: 
check_aromatic_bonds_and_atoms:
 atom    5 in /Users/williammccorkindale/ml_physics/smi2wyck/notebooks/docking/mpro_fragments/prepared_Mpro-x0305.mol2 is type   C.2 but should be  C.ar

Warning message: 
check_aromatic_bonds_and_atoms:
 bond    5 in /Users/williammccorkindale/ml_physics/smi2wyck/notebooks/docking/mpro_fragments/prepared_Mpro-x0305.mol2 is type   1 but should be  ar

Warning message: 
check_aromatic_bonds_and_atoms:
 atom    6 in /Users/williammccorkindale/ml_physics/smi2wyck/notebooks/docking/mpro_fragments/prepared_Mpro-x0305.mol2 is type   C.2 but should be  C.ar

Warning message: 
check_aromatic_bonds_and_atoms:
 bond    6 in /Users/williammccorkindale/ml_physics/smi2wyck/notebooks/docking/mpro_fragments/prepared_Mpro-x0305.mol2 is type   2 but should be  ar

Warning message: 
check_aromatic_bonds_and_atoms:
 atom    7 in /Users/williammccorkindale/ml_physics/smi2wyck/notebooks/docking/mpro_fragments/prepared_Mpro-x0305.mol2 is type   C.2 but should be  C.ar

Warning message: 
check_aromatic_bonds_and_atoms:
 bond    9 in /Users/williammccorkindale/ml_physics/smi2wyck/notebooks/docking/mpro_fragments/prepared_Mpro-x0305.mol2 is type   1 but should be  ar

Warning message: 
check_aromatic_bonds_and_atoms:
 atom   10 in /Users/williammccorkindale/ml_physics/smi2wyck/notebooks/docking/mpro_fragments/prepared_Mpro-x0305.mol2 is type   C.2 but should be  C.ar

Warning message: 
check_aromatic_bonds_and_atoms:
 bond   10 in /Users/williammccorkindale/ml_physics/smi2wyck/notebooks/docking/mpro_fragments/prepared_Mpro-x0305.mol2 is type   2 but should be  ar

Warning message: 
check_aromatic_bonds_and_atoms:
 atom   11 in /Users/williammccorkindale/ml_physics/smi2wyck/notebooks/docking/mpro_fragments/prepared_Mpro-x0305.mol2 is type   N.2 but should be  N.ar

Warning message: 
check_aromatic_bonds_and_atoms:
 bond   11 in /Users/williammccorkindale/ml_physics/smi2wyck/notebooks/docking/mpro_fragments/prepared_Mpro-x0305.mol2 is type   1 but should be  ar

Warning message: 
chemscore_get_bond_type: unknown bond type for bond 7-8


********************************************************************************
Ligand in file /Users/williammccorkindale/ml_physics/smi2wyck/notebooks/docking/mpro_fragments/prepared_Mpro-x0161.mol2,
starting at address 0 raised the following warnings and/or errors
Warning message: 
set_atom_type: atom   14 in /Users/williammccorkindale/ml_physics/smi2wyck/notebooks/docking/mpro_fragments/prepared_Mpro-x0161.mol2 is type N.pl3 ; resetting to type   N.3

Warning message: 
check_aromatic_bonds_and_atoms:
 atom    5 in /Users/williammccorkindale/ml_physics/smi2wyck/notebooks/docking/mpro_fragments/prepared_Mpro-x0161.mol2 is type   C.2 but should be  C.ar

Warning message: 
check_aromatic_bonds_and_atoms:
 bond    5 in /Users/williammccorkindale/ml_physics/smi2wyck/notebooks/docking/mpro_fragments/prepared_Mpro-x0161.mol2 is type   2 but should be  ar

Warning message: 
check_aromatic_bonds_and_atoms:
 atom    6 in /Users/williammccorkindale/ml_physics/smi2wyck/notebooks/docking/mpro_fragments/prepared_Mpro-x0161.mol2 is type   C.2 but should be  C.ar

Warning message: 
check_aromatic_bonds_and_atoms:
 bond    6 in /Users/williammccorkindale/ml_physics/smi2wyck/notebooks/docking/mpro_fragments/prepared_Mpro-x0161.mol2 is type   1 but should be  ar

Warning message: 
check_aromatic_bonds_and_atoms:
 atom    7 in /Users/williammccorkindale/ml_physics/smi2wyck/notebooks/docking/mpro_fragments/prepared_Mpro-x0161.mol2 is type   C.2 but should be  C.ar

Warning message: 
check_aromatic_bonds_and_atoms:
 bond    7 in /Users/williammccorkindale/ml_physics/smi2wyck/notebooks/docking/mpro_fragments/prepared_Mpro-x0161.mol2 is type   2 but should be  ar

Warning message: 
check_aromatic_bonds_and_atoms:
 atom    8 in /Users/williammccorkindale/ml_physics/smi2wyck/notebooks/docking/mpro_fragments/prepared_Mpro-x0161.mol2 is type   C.2 but should be  C.ar

Warning message: 
check_aromatic_bonds_and_atoms:
 bond    8 in /Users/williammccorkindale/ml_physics/smi2wyck/notebooks/docking/mpro_fragments/prepared_Mpro-x0161.mol2 is type   1 but should be  ar

Warning message: 
check_aromatic_bonds_and_atoms:
 atom    9 in /Users/williammccorkindale/ml_physics/smi2wyck/notebooks/docking/mpro_fragments/prepared_Mpro-x0161.mol2 is type   C.2 but should be  C.ar

Warning message: 
check_aromatic_bonds_and_atoms:
 bond    9 in /Users/williammccorkindale/ml_physics/smi2wyck/notebooks/docking/mpro_fragments/prepared_Mpro-x0161.mol2 is type   2 but should be  ar

Warning message: 
check_aromatic_bonds_and_atoms:
 atom   10 in /Users/williammccorkindale/ml_physics/smi2wyck/notebooks/docking/mpro_fragments/prepared_Mpro-x0161.mol2 is type   C.2 but should be  C.ar

Warning message: 
check_aromatic_bonds_and_atoms:
 bond   14 in /Users/williammccorkindale/ml_physics/smi2wyck/notebooks/docking/mpro_fragments/prepared_Mpro-x0161.mol2 is type   1 but should be  ar



********************************************************************************
Ligand in file /Users/williammccorkindale/ml_physics/smi2wyck/notebooks/docking/mpro_fragments/prepared_Mpro-x1077.mol2,
starting at address 0 raised the following warnings and/or errors
Warning message: 
check_aromatic_bonds_and_atoms:
 atom    3 in /Users/williammccorkindale/ml_physics/smi2wyck/notebooks/docking/mpro_fragments/prepared_Mpro-x1077.mol2 is type   C.2 but should be  C.ar

Warning message: 
check_aromatic_bonds_and_atoms:
 bond    3 in /Users/williammccorkindale/ml_physics/smi2wyck/notebooks/docking/mpro_fragments/prepared_Mpro-x1077.mol2 is type   2 but should be  ar

Warning message: 
check_aromatic_bonds_and_atoms:
 atom    4 in /Users/williammccorkindale/ml_physics/smi2wyck/notebooks/docking/mpro_fragments/prepared_Mpro-x1077.mol2 is type   C.2 but should be  C.ar

Warning message: 
check_aromatic_bonds_and_atoms:
 bond    4 in /Users/williammccorkindale/ml_physics/smi2wyck/notebooks/docking/mpro_fragments/prepared_Mpro-x1077.mol2 is type   1 but should be  ar

Warning message: 
check_aromatic_bonds_and_atoms:
 atom    5 in /Users/williammccorkindale/ml_physics/smi2wyck/notebooks/docking/mpro_fragments/prepared_Mpro-x1077.mol2 is type   C.2 but should be  C.ar

Warning message: 
check_aromatic_bonds_and_atoms:
 bond    5 in /Users/williammccorkindale/ml_physics/smi2wyck/notebooks/docking/mpro_fragments/prepared_Mpro-x1077.mol2 is type   2 but should be  ar

Warning message: 
check_aromatic_bonds_and_atoms:
 atom    6 in /Users/williammccorkindale/ml_physics/smi2wyck/notebooks/docking/mpro_fragments/prepared_Mpro-x1077.mol2 is type   C.2 but should be  C.ar

Warning message: 
check_aromatic_bonds_and_atoms:
 bond    6 in /Users/williammccorkindale/ml_physics/smi2wyck/notebooks/docking/mpro_fragments/prepared_Mpro-x1077.mol2 is type   1 but should be  ar

Warning message: 
check_aromatic_bonds_and_atoms:
 atom    7 in /Users/williammccorkindale/ml_physics/smi2wyck/notebooks/docking/mpro_fragments/prepared_Mpro-x1077.mol2 is type   C.2 but should be  C.ar

Warning message: 
check_aromatic_bonds_and_atoms:
 bond    7 in /Users/williammccorkindale/ml_physics/smi2wyck/notebooks/docking/mpro_fragments/prepared_Mpro-x1077.mol2 is type   2 but should be  ar

Warning message: 
check_aromatic_bonds_and_atoms:
 atom    8 in /Users/williammccorkindale/ml_physics/smi2wyck/notebooks/docking/mpro_fragments/prepared_Mpro-x1077.mol2 is type   N.2 but should be  N.ar

Warning message: 
check_aromatic_bonds_and_atoms:
 bond   15 in /Users/williammccorkindale/ml_physics/smi2wyck/notebooks/docking/mpro_fragments/prepared_Mpro-x1077.mol2 is type   1 but should be  ar

Warning message: 
chemscore_get_bond_type: unknown bond type for bond 2-3


********************************************************************************
Ligand in file /Users/williammccorkindale/ml_physics/smi2wyck/notebooks/docking/mpro_fragments/prepared_Mpro-x1249.mol2,
starting at address 0 raised the following warnings and/or errors
Warning message: 
check_aromatic_bonds_and_atoms:
 atom    5 in /Users/williammccorkindale/ml_physics/smi2wyck/notebooks/docking/mpro_fragments/prepared_Mpro-x1249.mol2 is type   C.2 but should be  C.ar

Warning message: 
check_aromatic_bonds_and_atoms:
 bond    5 in /Users/williammccorkindale/ml_physics/smi2wyck/notebooks/docking/mpro_fragments/prepared_Mpro-x1249.mol2 is type   2 but should be  ar

Warning message: 
check_aromatic_bonds_and_atoms:
 atom    6 in /Users/williammccorkindale/ml_physics/smi2wyck/notebooks/docking/mpro_fragments/prepared_Mpro-x1249.mol2 is type   C.2 but should be  C.ar

Warning message: 
check_aromatic_bonds_and_atoms:
 bond    6 in /Users/williammccorkindale/ml_physics/smi2wyck/notebooks/docking/mpro_fragments/prepared_Mpro-x1249.mol2 is type   1 but should be  ar

Warning message: 
check_aromatic_bonds_and_atoms:
 atom    7 in /Users/williammccorkindale/ml_physics/smi2wyck/notebooks/docking/mpro_fragments/prepared_Mpro-x1249.mol2 is type   C.2 but should be  C.ar

Warning message: 
check_aromatic_bonds_and_atoms:
 bond    7 in /Users/williammccorkindale/ml_physics/smi2wyck/notebooks/docking/mpro_fragments/prepared_Mpro-x1249.mol2 is type   2 but should be  ar

Warning message: 
check_aromatic_bonds_and_atoms:
 atom    8 in /Users/williammccorkindale/ml_physics/smi2wyck/notebooks/docking/mpro_fragments/prepared_Mpro-x1249.mol2 is type   C.2 but should be  C.ar

Warning message: 
check_aromatic_bonds_and_atoms:
 bond   10 in /Users/williammccorkindale/ml_physics/smi2wyck/notebooks/docking/mpro_fragments/prepared_Mpro-x1249.mol2 is type   1 but should be  ar

Warning message: 
check_aromatic_bonds_and_atoms:
 atom   11 in /Users/williammccorkindale/ml_physics/smi2wyck/notebooks/docking/mpro_fragments/prepared_Mpro-x1249.mol2 is type   C.2 but should be  C.ar

Warning message: 
check_aromatic_bonds_and_atoms:
 bond   11 in /Users/williammccorkindale/ml_physics/smi2wyck/notebooks/docking/mpro_fragments/prepared_Mpro-x1249.mol2 is type   2 but should be  ar

Warning message: 
check_aromatic_bonds_and_atoms:
 atom   12 in /Users/williammccorkindale/ml_physics/smi2wyck/notebooks/docking/mpro_fragments/prepared_Mpro-x1249.mol2 is type   C.2 but should be  C.ar

Warning message: 
check_aromatic_bonds_and_atoms:
 bond   18 in /Users/williammccorkindale/ml_physics/smi2wyck/notebooks/docking/mpro_fragments/prepared_Mpro-x1249.mol2 is type   1 but should be  ar

Warning message: 
chemscore_get_bond_type: unknown bond type for bond 8-9


********************************************************************************
Ligand in file /Users/williammccorkindale/ml_physics/smi2wyck/notebooks/docking/mpro_fragments/prepared_Mpro-x2193.mol2,
starting at address 0 raised the following warnings and/or errors
Warning message: 
check_aromatic_bonds_and_atoms:
 atom    5 in /Users/williammccorkindale/ml_physics/smi2wyck/notebooks/docking/mpro_fragments/prepared_Mpro-x2193.mol2 is type   C.2 but should be  C.ar

Warning message: 
check_aromatic_bonds_and_atoms:
 bond    5 in /Users/williammccorkindale/ml_physics/smi2wyck/notebooks/docking/mpro_fragments/prepared_Mpro-x2193.mol2 is type   2 but should be  ar

Warning message: 
check_aromatic_bonds_and_atoms:
 atom    6 in /Users/williammccorkindale/ml_physics/smi2wyck/notebooks/docking/mpro_fragments/prepared_Mpro-x2193.mol2 is type   C.2 but should be  C.ar

Warning message: 
check_aromatic_bonds_and_atoms:
 bond    6 in /Users/williammccorkindale/ml_physics/smi2wyck/notebooks/docking/mpro_fragments/prepared_Mpro-x2193.mol2 is type   1 but should be  ar

Warning message: 
check_aromatic_bonds_and_atoms:
 atom    7 in /Users/williammccorkindale/ml_physics/smi2wyck/notebooks/docking/mpro_fragments/prepared_Mpro-x2193.mol2 is type   C.2 but should be  C.ar

Warning message: 
check_aromatic_bonds_and_atoms:
 bond    7 in /Users/williammccorkindale/ml_physics/smi2wyck/notebooks/docking/mpro_fragments/prepared_Mpro-x2193.mol2 is type   2 but should be  ar

Warning message: 
check_aromatic_bonds_and_atoms:
 atom    8 in /Users/williammccorkindale/ml_physics/smi2wyck/notebooks/docking/mpro_fragments/prepared_Mpro-x2193.mol2 is type   C.2 but should be  C.ar

Warning message: 
check_aromatic_bonds_and_atoms:
 bond    8 in /Users/williammccorkindale/ml_physics/smi2wyck/notebooks/docking/mpro_fragments/prepared_Mpro-x2193.mol2 is type   1 but should be  ar

Warning message: 
check_aromatic_bonds_and_atoms:
 atom    9 in /Users/williammccorkindale/ml_physics/smi2wyck/notebooks/docking/mpro_fragments/prepared_Mpro-x2193.mol2 is type   C.2 but should be  C.ar

Warning message: 
check_aromatic_bonds_and_atoms:
 bond    9 in /Users/williammccorkindale/ml_physics/smi2wyck/notebooks/docking/mpro_fragments/prepared_Mpro-x2193.mol2 is type   2 but should be  ar

Warning message: 
check_aromatic_bonds_and_atoms:
 atom   10 in /Users/williammccorkindale/ml_physics/smi2wyck/notebooks/docking/mpro_fragments/prepared_Mpro-x2193.mol2 is type   C.2 but should be  C.ar

Warning message: 
check_aromatic_bonds_and_atoms:
 bond   16 in /Users/williammccorkindale/ml_physics/smi2wyck/notebooks/docking/mpro_fragments/prepared_Mpro-x2193.mol2 is type   1 but should be  ar



********************************************************************************
Ligand in file /Users/williammccorkindale/ml_physics/smi2wyck/notebooks/docking/mpro_fragments/prepared_Mpro-x0995.mol2,
starting at address 0 raised the following warnings and/or errors
Warning message: 
check_aromatic_bonds_and_atoms:
 atom    2 in /Users/williammccorkindale/ml_physics/smi2wyck/notebooks/docking/mpro_fragments/prepared_Mpro-x0995.mol2 is type   C.2 but should be  C.ar

Warning message: 
check_aromatic_bonds_and_atoms:
 bond    2 in /Users/williammccorkindale/ml_physics/smi2wyck/notebooks/docking/mpro_fragments/prepared_Mpro-x0995.mol2 is type   2 but should be  ar

Warning message: 
check_aromatic_bonds_and_atoms:
 atom    3 in /Users/williammccorkindale/ml_physics/smi2wyck/notebooks/docking/mpro_fragments/prepared_Mpro-x0995.mol2 is type   C.2 but should be  C.ar

Warning message: 
check_aromatic_bonds_and_atoms:
 bond    3 in /Users/williammccorkindale/ml_physics/smi2wyck/notebooks/docking/mpro_fragments/prepared_Mpro-x0995.mol2 is type   1 but should be  ar

Warning message: 
check_aromatic_bonds_and_atoms:
 atom    4 in /Users/williammccorkindale/ml_physics/smi2wyck/notebooks/docking/mpro_fragments/prepared_Mpro-x0995.mol2 is type   N.2 but should be  N.ar

Warning message: 
check_aromatic_bonds_and_atoms:
 bond    4 in /Users/williammccorkindale/ml_physics/smi2wyck/notebooks/docking/mpro_fragments/prepared_Mpro-x0995.mol2 is type   2 but should be  ar

Warning message: 
check_aromatic_bonds_and_atoms:
 atom    5 in /Users/williammccorkindale/ml_physics/smi2wyck/notebooks/docking/mpro_fragments/prepared_Mpro-x0995.mol2 is type   C.2 but should be  C.ar

Warning message: 
check_aromatic_bonds_and_atoms:
 bond    5 in /Users/williammccorkindale/ml_physics/smi2wyck/notebooks/docking/mpro_fragments/prepared_Mpro-x0995.mol2 is type   1 but should be  ar

Warning message: 
check_aromatic_bonds_and_atoms:
 atom    6 in /Users/williammccorkindale/ml_physics/smi2wyck/notebooks/docking/mpro_fragments/prepared_Mpro-x0995.mol2 is type   N.2 but should be  N.ar

Warning message: 
check_aromatic_bonds_and_atoms:
 bond    6 in /Users/williammccorkindale/ml_physics/smi2wyck/notebooks/docking/mpro_fragments/prepared_Mpro-x0995.mol2 is type   2 but should be  ar

Warning message: 
check_aromatic_bonds_and_atoms:
 atom    7 in /Users/williammccorkindale/ml_physics/smi2wyck/notebooks/docking/mpro_fragments/prepared_Mpro-x0995.mol2 is type   C.2 but should be  C.ar

Warning message: 
check_aromatic_bonds_and_atoms:
 bond    7 in /Users/williammccorkindale/ml_physics/smi2wyck/notebooks/docking/mpro_fragments/prepared_Mpro-x0995.mol2 is type   1 but should be  ar



********************************************************************************
Ligand in file /Users/williammccorkindale/ml_physics/smi2wyck/notebooks/docking/mpro_fragments/prepared_Mpro-x1093.mol2,
starting at address 0 raised the following warnings and/or errors
Warning message: 
check_aromatic_bonds_and_atoms:
 atom   15 in /Users/williammccorkindale/ml_physics/smi2wyck/notebooks/docking/mpro_fragments/prepared_Mpro-x1093.mol2 is type   N.2 but should be  N.ar

Warning message: 
check_aromatic_bonds_and_atoms:
 bond   14 in /Users/williammccorkindale/ml_physics/smi2wyck/notebooks/docking/mpro_fragments/prepared_Mpro-x1093.mol2 is type   2 but should be  ar

Warning message: 
check_aromatic_bonds_and_atoms:
 atom   14 in /Users/williammccorkindale/ml_physics/smi2wyck/notebooks/docking/mpro_fragments/prepared_Mpro-x1093.mol2 is type   C.2 but should be  C.ar

Warning message: 
check_aromatic_bonds_and_atoms:
 bond   21 in /Users/williammccorkindale/ml_physics/smi2wyck/notebooks/docking/mpro_fragments/prepared_Mpro-x1093.mol2 is type   1 but should be  ar

Warning message: 
check_aromatic_bonds_and_atoms:
 atom   19 in /Users/williammccorkindale/ml_physics/smi2wyck/notebooks/docking/mpro_fragments/prepared_Mpro-x1093.mol2 is type   C.2 but should be  C.ar

Warning message: 
check_aromatic_bonds_and_atoms:
 bond   18 in /Users/williammccorkindale/ml_physics/smi2wyck/notebooks/docking/mpro_fragments/prepared_Mpro-x1093.mol2 is type   2 but should be  ar

Warning message: 
check_aromatic_bonds_and_atoms:
 atom   18 in /Users/williammccorkindale/ml_physics/smi2wyck/notebooks/docking/mpro_fragments/prepared_Mpro-x1093.mol2 is type   C.2 but should be  C.ar

Warning message: 
check_aromatic_bonds_and_atoms:
 bond   17 in /Users/williammccorkindale/ml_physics/smi2wyck/notebooks/docking/mpro_fragments/prepared_Mpro-x1093.mol2 is type   1 but should be  ar

Warning message: 
check_aromatic_bonds_and_atoms:
 atom   17 in /Users/williammccorkindale/ml_physics/smi2wyck/notebooks/docking/mpro_fragments/prepared_Mpro-x1093.mol2 is type   C.2 but should be  C.ar

Warning message: 
check_aromatic_bonds_and_atoms:
 bond   16 in /Users/williammccorkindale/ml_physics/smi2wyck/notebooks/docking/mpro_fragments/prepared_Mpro-x1093.mol2 is type   2 but should be  ar

Warning message: 
check_aromatic_bonds_and_atoms:
 atom   16 in /Users/williammccorkindale/ml_physics/smi2wyck/notebooks/docking/mpro_fragments/prepared_Mpro-x1093.mol2 is type   C.2 but should be  C.ar

Warning message: 
check_aromatic_bonds_and_atoms:
 bond   15 in /Users/williammccorkindale/ml_physics/smi2wyck/notebooks/docking/mpro_fragments/prepared_Mpro-x1093.mol2 is type   1 but should be  ar



********************************************************************************
Ligand in file /Users/williammccorkindale/ml_physics/smi2wyck/notebooks/docking/mpro_fragments/prepared_Mpro-x0946.mol2,
starting at address 0 raised the following warnings and/or errors
Warning message: 
set_atom_type: atom    7 in /Users/williammccorkindale/ml_physics/smi2wyck/notebooks/docking/mpro_fragments/prepared_Mpro-x0946.mol2 is type N.pl3 ; resetting to type   N.3

Warning message: 
check_aromatic_bonds_and_atoms:
 atom    2 in /Users/williammccorkindale/ml_physics/smi2wyck/notebooks/docking/mpro_fragments/prepared_Mpro-x0946.mol2 is type   C.2 but should be  C.ar

Warning message: 
check_aromatic_bonds_and_atoms:
 bond    2 in /Users/williammccorkindale/ml_physics/smi2wyck/notebooks/docking/mpro_fragments/prepared_Mpro-x0946.mol2 is type   2 but should be  ar

Warning message: 
check_aromatic_bonds_and_atoms:
 atom    3 in /Users/williammccorkindale/ml_physics/smi2wyck/notebooks/docking/mpro_fragments/prepared_Mpro-x0946.mol2 is type   C.2 but should be  C.ar

Warning message: 
check_aromatic_bonds_and_atoms:
 bond    3 in /Users/williammccorkindale/ml_physics/smi2wyck/notebooks/docking/mpro_fragments/prepared_Mpro-x0946.mol2 is type   1 but should be  ar

Warning message: 
check_aromatic_bonds_and_atoms:
 atom    4 in /Users/williammccorkindale/ml_physics/smi2wyck/notebooks/docking/mpro_fragments/prepared_Mpro-x0946.mol2 is type   C.2 but should be  C.ar

Warning message: 
check_aromatic_bonds_and_atoms:
 bond    4 in /Users/williammccorkindale/ml_physics/smi2wyck/notebooks/docking/mpro_fragments/prepared_Mpro-x0946.mol2 is type   2 but should be  ar

Warning message: 
check_aromatic_bonds_and_atoms:
 atom    5 in /Users/williammccorkindale/ml_physics/smi2wyck/notebooks/docking/mpro_fragments/prepared_Mpro-x0946.mol2 is type   C.2 but should be  C.ar

Warning message: 
check_aromatic_bonds_and_atoms:
 bond    9 in /Users/williammccorkindale/ml_physics/smi2wyck/notebooks/docking/mpro_fragments/prepared_Mpro-x0946.mol2 is type   1 but should be  ar

Warning message: 
check_aromatic_bonds_and_atoms:
 atom   10 in /Users/williammccorkindale/ml_physics/smi2wyck/notebooks/docking/mpro_fragments/prepared_Mpro-x0946.mol2 is type   C.2 but should be  C.ar

Warning message: 
check_aromatic_bonds_and_atoms:
 bond   10 in /Users/williammccorkindale/ml_physics/smi2wyck/notebooks/docking/mpro_fragments/prepared_Mpro-x0946.mol2 is type   2 but should be  ar

Warning message: 
check_aromatic_bonds_and_atoms:
 atom   11 in /Users/williammccorkindale/ml_physics/smi2wyck/notebooks/docking/mpro_fragments/prepared_Mpro-x0946.mol2 is type   C.2 but should be  C.ar

Warning message: 
check_aromatic_bonds_and_atoms:
 bond   11 in /Users/williammccorkindale/ml_physics/smi2wyck/notebooks/docking/mpro_fragments/prepared_Mpro-x0946.mol2 is type   1 but should be  ar



********************************************************************************
Ligand in file /Users/williammccorkindale/ml_physics/smi2wyck/notebooks/docking/mpro_fragments/prepared_Mpro-x0967.mol2,
starting at address 0 raised the following warnings and/or errors
Warning message: 
check_aromatic_bonds_and_atoms:
 atom    7 in /Users/williammccorkindale/ml_physics/smi2wyck/notebooks/docking/mpro_fragments/prepared_Mpro-x0967.mol2 is type   C.2 but should be  C.ar

Warning message: 
check_aromatic_bonds_and_atoms:
 bond    7 in /Users/williammccorkindale/ml_physics/smi2wyck/notebooks/docking/mpro_fragments/prepared_Mpro-x0967.mol2 is type   2 but should be  ar

Warning message: 
check_aromatic_bonds_and_atoms:
 atom    8 in /Users/williammccorkindale/ml_physics/smi2wyck/notebooks/docking/mpro_fragments/prepared_Mpro-x0967.mol2 is type   C.2 but should be  C.ar

Warning message: 
check_aromatic_bonds_and_atoms:
 bond    8 in /Users/williammccorkindale/ml_physics/smi2wyck/notebooks/docking/mpro_fragments/prepared_Mpro-x0967.mol2 is type   1 but should be  ar

Warning message: 
check_aromatic_bonds_and_atoms:
 atom    9 in /Users/williammccorkindale/ml_physics/smi2wyck/notebooks/docking/mpro_fragments/prepared_Mpro-x0967.mol2 is type   C.2 but should be  C.ar

Warning message: 
check_aromatic_bonds_and_atoms:
 bond    9 in /Users/williammccorkindale/ml_physics/smi2wyck/notebooks/docking/mpro_fragments/prepared_Mpro-x0967.mol2 is type   2 but should be  ar

Warning message: 
check_aromatic_bonds_and_atoms:
 atom   10 in /Users/williammccorkindale/ml_physics/smi2wyck/notebooks/docking/mpro_fragments/prepared_Mpro-x0967.mol2 is type   C.2 but should be  C.ar

Warning message: 
check_aromatic_bonds_and_atoms:
 bond   10 in /Users/williammccorkindale/ml_physics/smi2wyck/notebooks/docking/mpro_fragments/prepared_Mpro-x0967.mol2 is type   1 but should be  ar

Warning message: 
check_aromatic_bonds_and_atoms:
 atom   11 in /Users/williammccorkindale/ml_physics/smi2wyck/notebooks/docking/mpro_fragments/prepared_Mpro-x0967.mol2 is type   C.2 but should be  C.ar

Warning message: 
check_aromatic_bonds_and_atoms:
 bond   11 in /Users/williammccorkindale/ml_physics/smi2wyck/notebooks/docking/mpro_fragments/prepared_Mpro-x0967.mol2 is type   2 but should be  ar

Warning message: 
check_aromatic_bonds_and_atoms:
 atom   12 in /Users/williammccorkindale/ml_physics/smi2wyck/notebooks/docking/mpro_fragments/prepared_Mpro-x0967.mol2 is type   C.2 but should be  C.ar

Warning message: 
check_aromatic_bonds_and_atoms:
 bond   20 in /Users/williammccorkindale/ml_physics/smi2wyck/notebooks/docking/mpro_fragments/prepared_Mpro-x0967.mol2 is type   1 but should be  ar

Warning message: 
chemscore_get_bond_type: unknown bond type for bond 17-18


********************************************************************************
Ligand in file /Users/williammccorkindale/ml_physics/smi2wyck/notebooks/docking/mpro_fragments/prepared_Mpro-x0540.mol2,
starting at address 0 raised the following warnings and/or errors
Warning message: 
check_aromatic_bonds_and_atoms:
 atom    6 in /Users/williammccorkindale/ml_physics/smi2wyck/notebooks/docking/mpro_fragments/prepared_Mpro-x0540.mol2 is type   C.2 but should be  C.ar

Warning message: 
check_aromatic_bonds_and_atoms:
 bond    6 in /Users/williammccorkindale/ml_physics/smi2wyck/notebooks/docking/mpro_fragments/prepared_Mpro-x0540.mol2 is type   2 but should be  ar

Warning message: 
check_aromatic_bonds_and_atoms:
 atom    7 in /Users/williammccorkindale/ml_physics/smi2wyck/notebooks/docking/mpro_fragments/prepared_Mpro-x0540.mol2 is type   C.2 but should be  C.ar

Warning message: 
check_aromatic_bonds_and_atoms:
 bond    7 in /Users/williammccorkindale/ml_physics/smi2wyck/notebooks/docking/mpro_fragments/prepared_Mpro-x0540.mol2 is type   1 but should be  ar

Warning message: 
check_aromatic_bonds_and_atoms:
 atom    8 in /Users/williammccorkindale/ml_physics/smi2wyck/notebooks/docking/mpro_fragments/prepared_Mpro-x0540.mol2 is type   C.2 but should be  C.ar

Warning message: 
check_aromatic_bonds_and_atoms:
 bond    8 in /Users/williammccorkindale/ml_physics/smi2wyck/notebooks/docking/mpro_fragments/prepared_Mpro-x0540.mol2 is type   2 but should be  ar

Warning message: 
check_aromatic_bonds_and_atoms:
 atom    9 in /Users/williammccorkindale/ml_physics/smi2wyck/notebooks/docking/mpro_fragments/prepared_Mpro-x0540.mol2 is type   N.2 but should be  N.ar

Warning message: 
check_aromatic_bonds_and_atoms:
 bond    9 in /Users/williammccorkindale/ml_physics/smi2wyck/notebooks/docking/mpro_fragments/prepared_Mpro-x0540.mol2 is type   1 but should be  ar

Warning message: 
check_aromatic_bonds_and_atoms:
 atom   10 in /Users/williammccorkindale/ml_physics/smi2wyck/notebooks/docking/mpro_fragments/prepared_Mpro-x0540.mol2 is type   C.2 but should be  C.ar

Warning message: 
check_aromatic_bonds_and_atoms:
 bond   10 in /Users/williammccorkindale/ml_physics/smi2wyck/notebooks/docking/mpro_fragments/prepared_Mpro-x0540.mol2 is type   2 but should be  ar

Warning message: 
check_aromatic_bonds_and_atoms:
 atom   11 in /Users/williammccorkindale/ml_physics/smi2wyck/notebooks/docking/mpro_fragments/prepared_Mpro-x0540.mol2 is type   C.2 but should be  C.ar

Warning message: 
check_aromatic_bonds_and_atoms:
 bond   18 in /Users/williammccorkindale/ml_physics/smi2wyck/notebooks/docking/mpro_fragments/prepared_Mpro-x0540.mol2 is type   1 but should be  ar

